0 info it worked if it ends with ok
1 verbose cli [ 'C:\\Program Files\\nodejs\\node.exe',
1 verbose cli   'C:\\Program Files\\nodejs\\node_modules\\npm\\bin\\npm-cli.js',
1 verbose cli   'run',
1 verbose cli   'dev' ]
2 info using npm@3.10.10
3 info using node@v6.11.2
4 verbose run-script [ 'predev', 'dev', 'postdev' ]
5 info lifecycle voleon@1.0.0~predev: voleon@1.0.0
6 silly lifecycle voleon@1.0.0~predev: no script for predev, continuing
7 info lifecycle voleon@1.0.0~dev: voleon@1.0.0
8 verbose lifecycle voleon@1.0.0~dev: unsafe-perm in lifecycle true
9 verbose lifecycle voleon@1.0.0~dev: PATH: C:\Program Files\nodejs\node_modules\npm\bin\node-gyp-bin;C:\Users\Ammar\Documents\Spring 18\SE\project\Voleon-SE\Voleon\node_modules\.bin;C:\Program Files\Git\mingw64\bin;C:\Program Files\Git\usr\bin;C:\Users\Ammar\bin;C:\ProgramData\Oracle\Java\javapath;C:\WINDOWS\system32;C:\WINDOWS;C:\WINDOWS\System32\Wbem;C:\WINDOWS\System32\WindowsPowerShell\v1.0;C:\MinGW\bin;C:\MinGW\msys\1.0\bin;C:\Program Files\nodejs;C:\Scripts;C:\Users\Ammar\Anaconda2;C:\Program Files\PuTTY;C:\Program Files\MiKTeX 2.9\miktex\bin\x64;C:\Program Files (x86)\GtkSharp\2.12\bin;C:\Program Files\Git\cmd;C:\Program Files\Git\mingw64\bin;C:\Program Files\Git\usr\bin;C:\WINDOWS\system32;C:\WINDOWS;C:\WINDOWS\System32\Wbem;C:\WINDOWS\System32\WindowsPowerShell\v1.0;C:\Program Files\MATLAB\R2016a\runtime\win64;C:\Program Files\MATLAB\R2016a\bin;C:\Program Files\MATLAB\R2016a\polyspace\bin;C:\Program Files\Intel\WiFi\bin;C:\Program Files\Common Files\Intel\WirelessCommon;C:\Program Files\Git\usr\bin;C:\Android;C:\Windows\System32;C:\Users\Ammar\Anaconda2\Scripts;C:\Program Files (x86)\Graphviz2.38\bin;C:\Users\Ammar\AppData\Local\Microsoft\WindowsApps;C:\Users\Ammar\AppData\Roaming\npm;C:\Program Files (x86)\SSH Communications Security\SSH Secure Shell;C:\Program Files\Microsoft VS Code\bin;C:\Program Files\Heroku\bin
10 verbose lifecycle voleon@1.0.0~dev: CWD: C:\Users\Ammar\Documents\Spring 18\SE\project\Voleon-SE\Voleon
11 silly lifecycle voleon@1.0.0~dev: Args: [ '/d /s /c', 'concurrently "npm run server" "npm run client"' ]
12 silly lifecycle voleon@1.0.0~dev: Returned: code: 1  signal: null
13 info lifecycle voleon@1.0.0~dev: Failed to exec dev script
14 verbose stack Error: voleon@1.0.0 dev: `concurrently "npm run server" "npm run client"`
14 verbose stack Exit status 1
14 verbose stack     at EventEmitter.<anonymous> (C:\Program Files\nodejs\node_modules\npm\lib\utils\lifecycle.js:255:16)
14 verbose stack     at emitTwo (events.js:106:13)
14 verbose stack     at EventEmitter.emit (events.js:191:7)
14 verbose stack     at ChildProcess.<anonymous> (C:\Program Files\nodejs\node_modules\npm\lib\utils\spawn.js:40:14)
14 verbose stack     at emitTwo (events.js:106:13)
14 verbose stack     at ChildProcess.emit (events.js:191:7)
14 verbose stack     at maybeClose (internal/child_process.js:891:16)
14 verbose stack     at Process.ChildProcess._handle.onexit (internal/child_process.js:226:5)
15 verbose pkgid voleon@1.0.0
16 verbose cwd C:\Users\Ammar\Documents\Spring 18\SE\project\Voleon-SE\Voleon
17 error Windows_NT 10.0.16299
18 error argv "C:\\Program Files\\nodejs\\node.exe" "C:\\Program Files\\nodejs\\node_modules\\npm\\bin\\npm-cli.js" "run" "dev"
19 error node v6.11.2
20 error npm  v3.10.10
21 error code ELIFECYCLE
22 error voleon@1.0.0 dev: `concurrently "npm run server" "npm run client"`
22 error Exit status 1
23 error Failed at the voleon@1.0.0 dev script 'concurrently "npm run server" "npm run client"'.
23 error Make sure you have the latest version of node.js and npm installed.
23 error If you do, this is most likely a problem with the voleon package,
23 error not with npm itself.
23 error Tell the author that this fails on your system:
23 error     concurrently "npm run server" "npm run client"
23 error You can get information on how to open an issue for this project with:
23 error     npm bugs voleon
23 error Or if that isn't available, you can get their info via:
23 error     npm owner ls voleon
23 error There is likely additional logging output above.
24 verbose exit [ 1, true ]
